<?xml version="1.0" encoding="UTF-8"?>
<testsuite xmlns:xsi="http://www.w3.org/2001/XMLSchema-instance" xsi:noNamespaceSchemaLocation="https://maven.apache.org/surefire/maven-surefire-plugin/xsd/surefire-test-report-3.0.xsd" version="3.0" name="vn.com.acbs.digital.migration.toolkit.models.ResourceLoaderTest" time="0.061" tests="1" errors="0" skipped="0" failures="0">
  <properties>
    <property name="sun.desktop" value="gnome"/>
    <property name="awt.toolkit" value="sun.awt.X11.XToolkit"/>
    <property name="java.specification.version" value="11"/>
    <property name="sun.cpu.isalist" value=""/>
    <property name="sun.jnu.encoding" value="UTF-8"/>
    <property name="java.class.path" value="/home/ngocdb/Desktop/dev/quarkus-extentions/migration-toolkit/runtime/target/test-classes:/home/ngocdb/Desktop/dev/quarkus-extentions/migration-toolkit/runtime/target/classes:/home/ngocdb/.m2/repository/io/quarkus/quarkus-arc/2.2.3.Final/quarkus-arc-2.2.3.Final.jar:/home/ngocdb/.m2/repository/io/quarkus/arc/arc/2.2.3.Final/arc-2.2.3.Final.jar:/home/ngocdb/.m2/repository/jakarta/enterprise/jakarta.enterprise.cdi-api/2.0.2/jakarta.enterprise.cdi-api-2.0.2.jar:/home/ngocdb/.m2/repository/jakarta/el/jakarta.el-api/3.0.3/jakarta.el-api-3.0.3.jar:/home/ngocdb/.m2/repository/jakarta/interceptor/jakarta.interceptor-api/1.2.5/jakarta.interceptor-api-1.2.5.jar:/home/ngocdb/.m2/repository/jakarta/annotation/jakarta.annotation-api/1.3.5/jakarta.annotation-api-1.3.5.jar:/home/ngocdb/.m2/repository/jakarta/transaction/jakarta.transaction-api/1.3.3/jakarta.transaction-api-1.3.3.jar:/home/ngocdb/.m2/repository/org/jboss/logging/jboss-logging/3.4.2.Final/jboss-logging-3.4.2.Final.jar:/home/ngocdb/.m2/repository/io/quarkus/quarkus-core/2.2.3.Final/quarkus-core-2.2.3.Final.jar:/home/ngocdb/.m2/repository/jakarta/inject/jakarta.inject-api/1.0/jakarta.inject-api-1.0.jar:/home/ngocdb/.m2/repository/io/quarkus/quarkus-ide-launcher/2.2.3.Final/quarkus-ide-launcher-2.2.3.Final.jar:/home/ngocdb/.m2/repository/io/quarkus/quarkus-development-mode-spi/2.2.3.Final/quarkus-development-mode-spi-2.2.3.Final.jar:/home/ngocdb/.m2/repository/io/smallrye/config/smallrye-config/2.4.4/smallrye-config-2.4.4.jar:/home/ngocdb/.m2/repository/io/smallrye/config/smallrye-config-core/2.4.4/smallrye-config-core-2.4.4.jar:/home/ngocdb/.m2/repository/org/eclipse/microprofile/config/microprofile-config-api/2.0/microprofile-config-api-2.0.jar:/home/ngocdb/.m2/repository/io/smallrye/common/smallrye-common-expression/1.6.0/smallrye-common-expression-1.6.0.jar:/home/ngocdb/.m2/repository/io/smallrye/common/smallrye-common-function/1.6.0/smallrye-common-function-1.6.0.jar:/home/ngocdb/.m2/repository/io/smallrye/common/smallrye-common-constraint/1.6.0/smallrye-common-constraint-1.6.0.jar:/home/ngocdb/.m2/repository/io/smallrye/common/smallrye-common-classloader/1.6.0/smallrye-common-classloader-1.6.0.jar:/home/ngocdb/.m2/repository/io/smallrye/config/smallrye-config-common/2.4.4/smallrye-config-common-2.4.4.jar:/home/ngocdb/.m2/repository/org/jboss/logmanager/jboss-logmanager-embedded/1.0.9/jboss-logmanager-embedded-1.0.9.jar:/home/ngocdb/.m2/repository/org/jboss/logging/jboss-logging-annotations/2.2.1.Final/jboss-logging-annotations-2.2.1.Final.jar:/home/ngocdb/.m2/repository/org/jboss/threads/jboss-threads/3.4.2.Final/jboss-threads-3.4.2.Final.jar:/home/ngocdb/.m2/repository/org/jboss/slf4j/slf4j-jboss-logmanager/1.1.0.Final/slf4j-jboss-logmanager-1.1.0.Final.jar:/home/ngocdb/.m2/repository/org/graalvm/sdk/graal-sdk/21.2.0/graal-sdk-21.2.0.jar:/home/ngocdb/.m2/repository/org/wildfly/common/wildfly-common/1.5.4.Final-format-001/wildfly-common-1.5.4.Final-format-001.jar:/home/ngocdb/.m2/repository/io/quarkus/quarkus-bootstrap-runner/2.2.3.Final/quarkus-bootstrap-runner-2.2.3.Final.jar:/home/ngocdb/.m2/repository/io/smallrye/common/smallrye-common-io/1.6.0/smallrye-common-io-1.6.0.jar:/home/ngocdb/.m2/repository/org/eclipse/microprofile/context-propagation/microprofile-context-propagation-api/1.2/microprofile-context-propagation-api-1.2.jar:/home/ngocdb/.m2/repository/io/smallrye/reactive/smallrye-mutiny-vertx-pg-client/2.13.0/smallrye-mutiny-vertx-pg-client-2.13.0.jar:/home/ngocdb/.m2/repository/io/vertx/vertx-pg-client/4.1.3/vertx-pg-client-4.1.3.jar:/home/ngocdb/.m2/repository/io/vertx/vertx-core/4.1.3/vertx-core-4.1.3.jar:/home/ngocdb/.m2/repository/io/netty/netty-common/4.1.67.Final/netty-common-4.1.67.Final.jar:/home/ngocdb/.m2/repository/io/netty/netty-buffer/4.1.67.Final/netty-buffer-4.1.67.Final.jar:/home/ngocdb/.m2/repository/io/netty/netty-transport/4.1.67.Final/netty-transport-4.1.67.Final.jar:/home/ngocdb/.m2/repository/io/netty/netty-handler/4.1.67.Final/netty-handler-4.1.67.Final.jar:/home/ngocdb/.m2/repository/io/netty/netty-codec/4.1.67.Final/netty-codec-4.1.67.Final.jar:/home/ngocdb/.m2/repository/io/netty/netty-handler-proxy/4.1.67.Final/netty-handler-proxy-4.1.67.Final.jar:/home/ngocdb/.m2/repository/io/netty/netty-codec-socks/4.1.67.Final/netty-codec-socks-4.1.67.Final.jar:/home/ngocdb/.m2/repository/io/netty/netty-codec-http/4.1.67.Final/netty-codec-http-4.1.67.Final.jar:/home/ngocdb/.m2/repository/io/netty/netty-codec-http2/4.1.67.Final/netty-codec-http2-4.1.67.Final.jar:/home/ngocdb/.m2/repository/io/netty/netty-resolver/4.1.67.Final/netty-resolver-4.1.67.Final.jar:/home/ngocdb/.m2/repository/io/netty/netty-resolver-dns/4.1.67.Final/netty-resolver-dns-4.1.67.Final.jar:/home/ngocdb/.m2/repository/io/netty/netty-codec-dns/4.1.67.Final/netty-codec-dns-4.1.67.Final.jar:/home/ngocdb/.m2/repository/com/fasterxml/jackson/core/jackson-core/2.12.4/jackson-core-2.12.4.jar:/home/ngocdb/.m2/repository/io/vertx/vertx-sql-client/4.1.3/vertx-sql-client-4.1.3.jar:/home/ngocdb/.m2/repository/io/smallrye/reactive/smallrye-mutiny-vertx-core/2.13.0/smallrye-mutiny-vertx-core-2.13.0.jar:/home/ngocdb/.m2/repository/io/smallrye/reactive/mutiny/1.0.0/mutiny-1.0.0.jar:/home/ngocdb/.m2/repository/org/reactivestreams/reactive-streams/1.0.3/reactive-streams-1.0.3.jar:/home/ngocdb/.m2/repository/io/smallrye/common/smallrye-common-annotation/1.6.0/smallrye-common-annotation-1.6.0.jar:/home/ngocdb/.m2/repository/io/smallrye/reactive/smallrye-mutiny-vertx-runtime/2.13.0/smallrye-mutiny-vertx-runtime-2.13.0.jar:/home/ngocdb/.m2/repository/io/smallrye/reactive/vertx-mutiny-generator/2.13.0/vertx-mutiny-generator-2.13.0.jar:/home/ngocdb/.m2/repository/io/vertx/vertx-codegen/4.1.3/vertx-codegen-4.1.3.jar:/home/ngocdb/.m2/repository/io/smallrye/reactive/smallrye-mutiny-vertx-sql-client/2.13.0/smallrye-mutiny-vertx-sql-client-2.13.0.jar:/home/ngocdb/.m2/repository/org/junit/jupiter/junit-jupiter-api/5.7.2/junit-jupiter-api-5.7.2.jar:/home/ngocdb/.m2/repository/org/apiguardian/apiguardian-api/1.1.0/apiguardian-api-1.1.0.jar:/home/ngocdb/.m2/repository/org/opentest4j/opentest4j/1.2.0/opentest4j-1.2.0.jar:/home/ngocdb/.m2/repository/org/junit/platform/junit-platform-commons/1.7.2/junit-platform-commons-1.7.2.jar:/home/ngocdb/.m2/repository/org/junit/jupiter/junit-jupiter-engine/5.7.2/junit-jupiter-engine-5.7.2.jar:/home/ngocdb/.m2/repository/org/junit/platform/junit-platform-engine/1.7.2/junit-platform-engine-1.7.2.jar:/home/ngocdb/.m2/repository/org/slf4j/slf4j-simple/1.7.30/slf4j-simple-1.7.30.jar:/home/ngocdb/.m2/repository/org/slf4j/slf4j-api/1.7.30/slf4j-api-1.7.30.jar:"/>
    <property name="java.vm.vendor" value="Ubuntu"/>
    <property name="sun.arch.data.model" value="64"/>
    <property name="java.vendor.url" value="https://ubuntu.com/"/>
    <property name="user.timezone" value=""/>
    <property name="java.vm.specification.version" value="11"/>
    <property name="os.name" value="Linux"/>
    <property name="sun.java.launcher" value="SUN_STANDARD"/>
    <property name="user.country" value="US"/>
    <property name="sun.boot.library.path" value="/usr/lib/jvm/java-11-openjdk-amd64/lib"/>
    <property name="sun.java.command" value="/home/ngocdb/Desktop/dev/quarkus-extentions/migration-toolkit/runtime/target/surefire/surefirebooter4151234839082563930.jar /home/ngocdb/Desktop/dev/quarkus-extentions/migration-toolkit/runtime/target/surefire 2021-11-01T23-16-10_429-jvmRun1 surefire11443745837155672815tmp surefire_013155596170205195591tmp"/>
    <property name="jdk.debug" value="release"/>
    <property name="maven.home" value="/opt/apache-maven"/>
    <property name="surefire.test.class.path" value="/home/ngocdb/Desktop/dev/quarkus-extentions/migration-toolkit/runtime/target/test-classes:/home/ngocdb/Desktop/dev/quarkus-extentions/migration-toolkit/runtime/target/classes:/home/ngocdb/.m2/repository/io/quarkus/quarkus-arc/2.2.3.Final/quarkus-arc-2.2.3.Final.jar:/home/ngocdb/.m2/repository/io/quarkus/arc/arc/2.2.3.Final/arc-2.2.3.Final.jar:/home/ngocdb/.m2/repository/jakarta/enterprise/jakarta.enterprise.cdi-api/2.0.2/jakarta.enterprise.cdi-api-2.0.2.jar:/home/ngocdb/.m2/repository/jakarta/el/jakarta.el-api/3.0.3/jakarta.el-api-3.0.3.jar:/home/ngocdb/.m2/repository/jakarta/interceptor/jakarta.interceptor-api/1.2.5/jakarta.interceptor-api-1.2.5.jar:/home/ngocdb/.m2/repository/jakarta/annotation/jakarta.annotation-api/1.3.5/jakarta.annotation-api-1.3.5.jar:/home/ngocdb/.m2/repository/jakarta/transaction/jakarta.transaction-api/1.3.3/jakarta.transaction-api-1.3.3.jar:/home/ngocdb/.m2/repository/org/jboss/logging/jboss-logging/3.4.2.Final/jboss-logging-3.4.2.Final.jar:/home/ngocdb/.m2/repository/io/quarkus/quarkus-core/2.2.3.Final/quarkus-core-2.2.3.Final.jar:/home/ngocdb/.m2/repository/jakarta/inject/jakarta.inject-api/1.0/jakarta.inject-api-1.0.jar:/home/ngocdb/.m2/repository/io/quarkus/quarkus-ide-launcher/2.2.3.Final/quarkus-ide-launcher-2.2.3.Final.jar:/home/ngocdb/.m2/repository/io/quarkus/quarkus-development-mode-spi/2.2.3.Final/quarkus-development-mode-spi-2.2.3.Final.jar:/home/ngocdb/.m2/repository/io/smallrye/config/smallrye-config/2.4.4/smallrye-config-2.4.4.jar:/home/ngocdb/.m2/repository/io/smallrye/config/smallrye-config-core/2.4.4/smallrye-config-core-2.4.4.jar:/home/ngocdb/.m2/repository/org/eclipse/microprofile/config/microprofile-config-api/2.0/microprofile-config-api-2.0.jar:/home/ngocdb/.m2/repository/io/smallrye/common/smallrye-common-expression/1.6.0/smallrye-common-expression-1.6.0.jar:/home/ngocdb/.m2/repository/io/smallrye/common/smallrye-common-function/1.6.0/smallrye-common-function-1.6.0.jar:/home/ngocdb/.m2/repository/io/smallrye/common/smallrye-common-constraint/1.6.0/smallrye-common-constraint-1.6.0.jar:/home/ngocdb/.m2/repository/io/smallrye/common/smallrye-common-classloader/1.6.0/smallrye-common-classloader-1.6.0.jar:/home/ngocdb/.m2/repository/io/smallrye/config/smallrye-config-common/2.4.4/smallrye-config-common-2.4.4.jar:/home/ngocdb/.m2/repository/org/jboss/logmanager/jboss-logmanager-embedded/1.0.9/jboss-logmanager-embedded-1.0.9.jar:/home/ngocdb/.m2/repository/org/jboss/logging/jboss-logging-annotations/2.2.1.Final/jboss-logging-annotations-2.2.1.Final.jar:/home/ngocdb/.m2/repository/org/jboss/threads/jboss-threads/3.4.2.Final/jboss-threads-3.4.2.Final.jar:/home/ngocdb/.m2/repository/org/jboss/slf4j/slf4j-jboss-logmanager/1.1.0.Final/slf4j-jboss-logmanager-1.1.0.Final.jar:/home/ngocdb/.m2/repository/org/graalvm/sdk/graal-sdk/21.2.0/graal-sdk-21.2.0.jar:/home/ngocdb/.m2/repository/org/wildfly/common/wildfly-common/1.5.4.Final-format-001/wildfly-common-1.5.4.Final-format-001.jar:/home/ngocdb/.m2/repository/io/quarkus/quarkus-bootstrap-runner/2.2.3.Final/quarkus-bootstrap-runner-2.2.3.Final.jar:/home/ngocdb/.m2/repository/io/smallrye/common/smallrye-common-io/1.6.0/smallrye-common-io-1.6.0.jar:/home/ngocdb/.m2/repository/org/eclipse/microprofile/context-propagation/microprofile-context-propagation-api/1.2/microprofile-context-propagation-api-1.2.jar:/home/ngocdb/.m2/repository/io/smallrye/reactive/smallrye-mutiny-vertx-pg-client/2.13.0/smallrye-mutiny-vertx-pg-client-2.13.0.jar:/home/ngocdb/.m2/repository/io/vertx/vertx-pg-client/4.1.3/vertx-pg-client-4.1.3.jar:/home/ngocdb/.m2/repository/io/vertx/vertx-core/4.1.3/vertx-core-4.1.3.jar:/home/ngocdb/.m2/repository/io/netty/netty-common/4.1.67.Final/netty-common-4.1.67.Final.jar:/home/ngocdb/.m2/repository/io/netty/netty-buffer/4.1.67.Final/netty-buffer-4.1.67.Final.jar:/home/ngocdb/.m2/repository/io/netty/netty-transport/4.1.67.Final/netty-transport-4.1.67.Final.jar:/home/ngocdb/.m2/repository/io/netty/netty-handler/4.1.67.Final/netty-handler-4.1.67.Final.jar:/home/ngocdb/.m2/repository/io/netty/netty-codec/4.1.67.Final/netty-codec-4.1.67.Final.jar:/home/ngocdb/.m2/repository/io/netty/netty-handler-proxy/4.1.67.Final/netty-handler-proxy-4.1.67.Final.jar:/home/ngocdb/.m2/repository/io/netty/netty-codec-socks/4.1.67.Final/netty-codec-socks-4.1.67.Final.jar:/home/ngocdb/.m2/repository/io/netty/netty-codec-http/4.1.67.Final/netty-codec-http-4.1.67.Final.jar:/home/ngocdb/.m2/repository/io/netty/netty-codec-http2/4.1.67.Final/netty-codec-http2-4.1.67.Final.jar:/home/ngocdb/.m2/repository/io/netty/netty-resolver/4.1.67.Final/netty-resolver-4.1.67.Final.jar:/home/ngocdb/.m2/repository/io/netty/netty-resolver-dns/4.1.67.Final/netty-resolver-dns-4.1.67.Final.jar:/home/ngocdb/.m2/repository/io/netty/netty-codec-dns/4.1.67.Final/netty-codec-dns-4.1.67.Final.jar:/home/ngocdb/.m2/repository/com/fasterxml/jackson/core/jackson-core/2.12.4/jackson-core-2.12.4.jar:/home/ngocdb/.m2/repository/io/vertx/vertx-sql-client/4.1.3/vertx-sql-client-4.1.3.jar:/home/ngocdb/.m2/repository/io/smallrye/reactive/smallrye-mutiny-vertx-core/2.13.0/smallrye-mutiny-vertx-core-2.13.0.jar:/home/ngocdb/.m2/repository/io/smallrye/reactive/mutiny/1.0.0/mutiny-1.0.0.jar:/home/ngocdb/.m2/repository/org/reactivestreams/reactive-streams/1.0.3/reactive-streams-1.0.3.jar:/home/ngocdb/.m2/repository/io/smallrye/common/smallrye-common-annotation/1.6.0/smallrye-common-annotation-1.6.0.jar:/home/ngocdb/.m2/repository/io/smallrye/reactive/smallrye-mutiny-vertx-runtime/2.13.0/smallrye-mutiny-vertx-runtime-2.13.0.jar:/home/ngocdb/.m2/repository/io/smallrye/reactive/vertx-mutiny-generator/2.13.0/vertx-mutiny-generator-2.13.0.jar:/home/ngocdb/.m2/repository/io/vertx/vertx-codegen/4.1.3/vertx-codegen-4.1.3.jar:/home/ngocdb/.m2/repository/io/smallrye/reactive/smallrye-mutiny-vertx-sql-client/2.13.0/smallrye-mutiny-vertx-sql-client-2.13.0.jar:/home/ngocdb/.m2/repository/org/junit/jupiter/junit-jupiter-api/5.7.2/junit-jupiter-api-5.7.2.jar:/home/ngocdb/.m2/repository/org/apiguardian/apiguardian-api/1.1.0/apiguardian-api-1.1.0.jar:/home/ngocdb/.m2/repository/org/opentest4j/opentest4j/1.2.0/opentest4j-1.2.0.jar:/home/ngocdb/.m2/repository/org/junit/platform/junit-platform-commons/1.7.2/junit-platform-commons-1.7.2.jar:/home/ngocdb/.m2/repository/org/junit/jupiter/junit-jupiter-engine/5.7.2/junit-jupiter-engine-5.7.2.jar:/home/ngocdb/.m2/repository/org/junit/platform/junit-platform-engine/1.7.2/junit-platform-engine-1.7.2.jar:/home/ngocdb/.m2/repository/org/slf4j/slf4j-simple/1.7.30/slf4j-simple-1.7.30.jar:/home/ngocdb/.m2/repository/org/slf4j/slf4j-api/1.7.30/slf4j-api-1.7.30.jar:"/>
    <property name="sun.cpu.endian" value="little"/>
    <property name="user.home" value="/home/ngocdb"/>
    <property name="user.language" value="en"/>
    <property name="java.specification.vendor" value="Oracle Corporation"/>
    <property name="java.version.date" value="2021-04-20"/>
    <property name="java.home" value="/usr/lib/jvm/java-11-openjdk-amd64"/>
    <property name="file.separator" value="/"/>
    <property name="maven.repo" value="/home/ngocdb/.m2/repository"/>
    <property name="basedir" value="/home/ngocdb/Desktop/dev/quarkus-extentions/migration-toolkit/runtime"/>
    <property name="java.vm.compressedOopsMode" value="Zero based"/>
    <property name="line.separator" value="&#10;"/>
    <property name="java.specification.name" value="Java Platform API Specification"/>
    <property name="java.vm.specification.vendor" value="Oracle Corporation"/>
    <property name="java.awt.graphicsenv" value="sun.awt.X11GraphicsEnvironment"/>
    <property name="surefire.real.class.path" value="/home/ngocdb/Desktop/dev/quarkus-extentions/migration-toolkit/runtime/target/surefire/surefirebooter4151234839082563930.jar"/>
    <property name="sun.management.compiler" value="HotSpot 64-Bit Tiered Compilers"/>
    <property name="java.runtime.version" value="11.0.11+9-Ubuntu-0ubuntu2.18.04"/>
    <property name="user.name" value="ngocdb"/>
    <property name="path.separator" value=":"/>
    <property name="os.version" value="5.4.0-87-generic"/>
    <property name="java.runtime.name" value="OpenJDK Runtime Environment"/>
    <property name="file.encoding" value="UTF-8"/>
    <property name="java.vm.name" value="OpenJDK 64-Bit Server VM"/>
    <property name="localRepository" value="/home/ngocdb/.m2/repository"/>
    <property name="java.vendor.url.bug" value="https://bugs.launchpad.net/ubuntu/+source/openjdk-lts"/>
    <property name="java.io.tmpdir" value="/tmp"/>
    <property name="java.version" value="11.0.11"/>
    <property name="user.dir" value="/home/ngocdb/Desktop/dev/quarkus-extentions/migration-toolkit/runtime"/>
    <property name="os.arch" value="amd64"/>
    <property name="java.vm.specification.name" value="Java Virtual Machine Specification"/>
    <property name="java.awt.printerjob" value="sun.print.PSPrinterJob"/>
    <property name="sun.os.patch.level" value="unknown"/>
    <property name="java.util.logging.manager" value="org.jboss.logmanager.LogManager"/>
    <property name="java.library.path" value="/usr/java/packages/lib:/usr/lib/x86_64-linux-gnu/jni:/lib/x86_64-linux-gnu:/usr/lib/x86_64-linux-gnu:/usr/lib/jni:/lib:/usr/lib"/>
    <property name="java.vm.info" value="mixed mode, sharing"/>
    <property name="java.vendor" value="Ubuntu"/>
    <property name="java.vm.version" value="11.0.11+9-Ubuntu-0ubuntu2.18.04"/>
    <property name="sun.io.unicode.encoding" value="UnicodeLittle"/>
    <property name="java.class.version" value="55.0"/>
  </properties>
  <testcase name="createFromTest" classname="vn.com.acbs.digital.migration.toolkit.models.ResourceLoaderTest" time="0.052">
    <system-err><![CDATA[SLF4J: Class path contains multiple SLF4J bindings.
SLF4J: Found binding in [jar:file:/home/ngocdb/.m2/repository/org/jboss/slf4j/slf4j-jboss-logmanager/1.1.0.Final/slf4j-jboss-logmanager-1.1.0.Final.jar!/org/slf4j/impl/StaticLoggerBinder.class]
SLF4J: Found binding in [jar:file:/home/ngocdb/.m2/repository/org/slf4j/slf4j-simple/1.7.30/slf4j-simple-1.7.30.jar!/org/slf4j/impl/StaticLoggerBinder.class]
SLF4J: See http://www.slf4j.org/codes.html#multiple_bindings for an explanation.
SLF4J: Actual binding is of type [org.slf4j.impl.Slf4jLoggerFactory]
]]></system-err>
  </testcase>
</testsuite>